2025-09-22 10:08:35,803 - api_gateway - INFO - db_design_controller.py:79 - 數據庫設計控制器初始化完成
2025-09-22 13:55:26,852 - api_gateway - ERROR - __init__.py:34 - MongoDB 連接失敗: Collection has no attribute '_Collection__database'. To access the admin._Collection__database collection, use database['admin._Collection__database'].
2025-09-22 14:22:16,387 - api_gateway - ERROR - __init__.py:34 - MongoDB 連接失敗: localhost:27017: [Errno 61] Connection refused (configured timeouts: socketTimeoutMS: 20000.0ms, connectTimeoutMS: 20000.0ms), Timeout: 30s, Topology Description: <TopologyDescription id: 68d0eafa06b27f8650bd77a4, topology_type: Unknown, servers: [<ServerDescription ('localhost', 27017) server_type: Unknown, rtt: None, error=AutoReconnect('localhost:27017: [Errno 61] Connection refused (configured timeouts: socketTimeoutMS: 20000.0ms, connectTimeoutMS: 20000.0ms)')>]>
2025-09-22 14:59:04,829 - api_gateway - WARNING - __init__.py:33 - MongoDB 連接測試失敗，繼續運行（開發模式）: localhost:27017: [Errno 61] Connection refused (configured timeouts: socketTimeoutMS: 20000.0ms, connectTimeoutMS: 20000.0ms), Timeout: 30s, Topology Description: <TopologyDescription id: 68d0f39aa963b4fa2a1b4df5, topology_type: Unknown, servers: [<ServerDescription ('localhost', 27017) server_type: Unknown, rtt: None, error=AutoReconnect('localhost:27017: [Errno 61] Connection refused (configured timeouts: socketTimeoutMS: 20000.0ms, connectTimeoutMS: 20000.0ms)')>]>
2025-09-22 14:59:04,831 - api_gateway - INFO - feature_map_controller.py:926 - 功能導圖控制器初始化完成
2025-09-22 14:59:35,598 - api_gateway - WARNING - __init__.py:33 - MongoDB 連接測試失敗，繼續運行（開發模式）: localhost:27017: [Errno 61] Connection refused (configured timeouts: socketTimeoutMS: 20000.0ms, connectTimeoutMS: 20000.0ms), Timeout: 30s, Topology Description: <TopologyDescription id: 68d0f3b9c70539e36d4f6b18, topology_type: Unknown, servers: [<ServerDescription ('localhost', 27017) server_type: Unknown, rtt: None, error=AutoReconnect('localhost:27017: [Errno 61] Connection refused (configured timeouts: socketTimeoutMS: 20000.0ms, connectTimeoutMS: 20000.0ms)')>]>
2025-09-22 14:59:35,600 - api_gateway - INFO - feature_map_controller.py:926 - 功能導圖控制器初始化完成
2025-09-22 15:28:42,311 - api_gateway - WARNING - __init__.py:33 - MongoDB 連接測試失敗，繼續運行（開發模式）: localhost:27017: [Errno 61] Connection refused (configured timeouts: socketTimeoutMS: 20000.0ms, connectTimeoutMS: 20000.0ms), Timeout: 30s, Topology Description: <TopologyDescription id: 68d0fa8bf931b821400ca7ab, topology_type: Unknown, servers: [<ServerDescription ('localhost', 27017) server_type: Unknown, rtt: None, error=AutoReconnect('localhost:27017: [Errno 61] Connection refused (configured timeouts: socketTimeoutMS: 20000.0ms, connectTimeoutMS: 20000.0ms)')>]>
2025-09-22 15:28:42,312 - api_gateway - INFO - feature_map_controller.py:926 - 功能導圖控制器初始化完成
2025-09-22 15:29:52,065 - api_gateway - WARNING - __init__.py:33 - MongoDB 連接測試失敗，繼續運行（開發模式）: localhost:27017: [Errno 61] Connection refused (configured timeouts: socketTimeoutMS: 20000.0ms, connectTimeoutMS: 20000.0ms), Timeout: 30s, Topology Description: <TopologyDescription id: 68d0fad19da7acb484eba890, topology_type: Unknown, servers: [<ServerDescription ('localhost', 27017) server_type: Unknown, rtt: None, error=AutoReconnect('localhost:27017: [Errno 61] Connection refused (configured timeouts: socketTimeoutMS: 20000.0ms, connectTimeoutMS: 20000.0ms)')>]>
2025-09-22 15:29:52,067 - api_gateway - INFO - feature_map_controller.py:926 - 功能導圖控制器初始化完成
2025-09-22 15:31:27,902 - api_gateway - WARNING - __init__.py:33 - MongoDB 連接測試失敗，繼續運行（開發模式）: localhost:27017: [Errno 61] Connection refused (configured timeouts: socketTimeoutMS: 20000.0ms, connectTimeoutMS: 20000.0ms), Timeout: 30s, Topology Description: <TopologyDescription id: 68d0fb3141332db5dbffc94d, topology_type: Unknown, servers: [<ServerDescription ('localhost', 27017) server_type: Unknown, rtt: None, error=AutoReconnect('localhost:27017: [Errno 61] Connection refused (configured timeouts: socketTimeoutMS: 20000.0ms, connectTimeoutMS: 20000.0ms)')>]>
2025-09-22 15:31:27,904 - api_gateway - INFO - feature_map_controller.py:926 - 功能導圖控制器初始化完成
2025-09-22 15:38:38,487 - api_gateway - WARNING - __init__.py:33 - MongoDB 連接測試失敗，繼續運行（開發模式）: localhost:27017: [Errno 61] Connection refused (configured timeouts: socketTimeoutMS: 20000.0ms, connectTimeoutMS: 20000.0ms), Timeout: 30s, Topology Description: <TopologyDescription id: 68d0fce038239f7f250f2f53, topology_type: Unknown, servers: [<ServerDescription ('localhost', 27017) server_type: Unknown, rtt: None, error=AutoReconnect('localhost:27017: [Errno 61] Connection refused (configured timeouts: socketTimeoutMS: 20000.0ms, connectTimeoutMS: 20000.0ms)')>]>
2025-09-22 15:38:38,488 - api_gateway - INFO - feature_map_controller.py:926 - 功能導圖控制器初始化完成
2025-09-22 15:40:47,451 - api_gateway - WARNING - __init__.py:33 - MongoDB 連接測試失敗，繼續運行（開發模式）: localhost:27017: [Errno 61] Connection refused (configured timeouts: socketTimeoutMS: 20000.0ms, connectTimeoutMS: 20000.0ms), Timeout: 30s, Topology Description: <TopologyDescription id: 68d0fd613faf62a5f828bdf7, topology_type: Unknown, servers: [<ServerDescription ('localhost', 27017) server_type: Unknown, rtt: None, error=AutoReconnect('localhost:27017: [Errno 61] Connection refused (configured timeouts: socketTimeoutMS: 20000.0ms, connectTimeoutMS: 20000.0ms)')>]>
2025-09-22 15:40:47,454 - api_gateway - INFO - feature_map_controller.py:926 - 功能導圖控制器初始化完成
2025-09-22 15:43:41,912 - api_gateway - WARNING - __init__.py:33 - MongoDB 連接測試失敗，繼續運行（開發模式）: localhost:27017: [Errno 61] Connection refused (configured timeouts: socketTimeoutMS: 20000.0ms, connectTimeoutMS: 20000.0ms), Timeout: 30s, Topology Description: <TopologyDescription id: 68d0fe0f7bb26c1432e332d7, topology_type: Unknown, servers: [<ServerDescription ('localhost', 27017) server_type: Unknown, rtt: None, error=AutoReconnect('localhost:27017: [Errno 61] Connection refused (configured timeouts: socketTimeoutMS: 20000.0ms, connectTimeoutMS: 20000.0ms)')>]>
2025-09-22 15:43:41,914 - api_gateway - INFO - feature_map_controller.py:926 - 功能導圖控制器初始化完成
2025-09-22 15:45:10,605 - api_gateway - WARNING - __init__.py:33 - MongoDB 連接測試失敗，繼續運行（開發模式）: localhost:27017: [Errno 61] Connection refused (configured timeouts: socketTimeoutMS: 20000.0ms, connectTimeoutMS: 20000.0ms), Timeout: 30s, Topology Description: <TopologyDescription id: 68d0fe68c96ba52f2eec28df, topology_type: Unknown, servers: [<ServerDescription ('localhost', 27017) server_type: Unknown, rtt: None, error=AutoReconnect('localhost:27017: [Errno 61] Connection refused (configured timeouts: socketTimeoutMS: 20000.0ms, connectTimeoutMS: 20000.0ms)')>]>
2025-09-22 15:45:10,605 - api_gateway - INFO - feature_map_controller.py:926 - 功能導圖控制器初始化完成
2025-09-22 15:45:11,193 - api_gateway - INFO - feature_map_api.py:715 - API訪問: POST /projects/test_project_001/feature-maps - IP: 127.0.0.1
2025-09-22 15:45:11,707 - api_gateway - INFO - feature_map_api.py:715 - API訪問: GET /projects/test_project_001/feature-maps - IP: 127.0.0.1
2025-09-22 15:45:58,103 - api_gateway - WARNING - __init__.py:33 - MongoDB 連接測試失敗，繼續運行（開發模式）: localhost:27017: [Errno 61] Connection refused (configured timeouts: socketTimeoutMS: 20000.0ms, connectTimeoutMS: 20000.0ms), Timeout: 30s, Topology Description: <TopologyDescription id: 68d0fe9749c60136a42489be, topology_type: Unknown, servers: [<ServerDescription ('localhost', 27017) server_type: Unknown, rtt: None, error=AutoReconnect('localhost:27017: [Errno 61] Connection refused (configured timeouts: socketTimeoutMS: 20000.0ms, connectTimeoutMS: 20000.0ms)')>]>
2025-09-22 15:45:58,105 - api_gateway - INFO - feature_map_controller.py:926 - 功能導圖控制器初始化完成
2025-09-22 15:50:31,598 - api_gateway - INFO - feature_map_api.py:715 - API訪問: GET /health - IP: 127.0.0.1
2025-09-22 15:50:31,598 - api_gateway - ERROR - feature_map_api.py:658 - 數據庫連接檢查失敗: Collection has no attribute '_Collection__database'. To access the admin._Collection__database collection, use database['admin._Collection__database'].
2025-09-22 15:50:32,104 - api_gateway - INFO - feature_map_api.py:715 - API訪問: POST /projects/test_project_001/feature-maps - IP: 127.0.0.1
2025-09-22 15:50:32,612 - api_gateway - INFO - feature_map_api.py:715 - API訪問: GET /projects/test_project_001/feature-maps - IP: 127.0.0.1
